<?xml version="1.0" encoding="UTF-8"?>
<testsuite name="meli.cuentas.ClienteTest" tests="4" skipped="0" failures="0" errors="0" timestamp="2019-08-13T14:20:52" hostname="AR0FVFYM1DJHV2J" time="0.022">
  <properties/>
  <testcase name="crearClienteConCantidadDeExtraccionesEnCero" classname="meli.cuentas.ClienteTest" time="0.001"/>
  <testcase name="crearCajaDeAhorroMulticlienteConCuatroTitulares" classname="meli.cuentas.ClienteTest" time="0.0"/>
  <testcase name="cobrarGastoExtraAClienteConMasDeCincoExtraccionesEnCuentaSueldo" classname="meli.cuentas.ClienteTest" time="0.001"/>
  <testcase name="avisarAClienteGiroEnDescubierto" classname="meli.cuentas.ClienteTest" time="0.019"/>
  <system-out><![CDATA[Sr. meli.cuentas.Cliente@1f8046d3, se realizó un giro en descubierto en su Caja de Ahorro Especial
]]></system-out>
  <system-err><![CDATA[]]></system-err>
</testsuite>
